<?xml version="1.0" encoding="UTF-8"?>
<!-- Generated by org.testng.reporters.JUnitXMLReporter -->
<testsuite hostname="PC-C02X50H9JGH8" ignored="2" name="Test" tests="10" failures="0" timestamp="2022-09-01T00:31:41 AEST" time="97.047" errors="0">
  <testcase name="AddCategoryToCart" time="9.905" classname="user.UserTestCases"/>
  <testcase name="E2ETestUser" time="17.034" classname="user.UserTestCases"/>
  <testcase name="ViewCategory" time="9.94" classname="user.UserTestCases"/>
  <testcase name="ListCategories" time="12.63" classname="user.UserTestCases"/>
  <testcase name="addProduct" time="7.537" classname="admin.adminTestCases"/>
  <testcase name="editProduct" time="8.189" classname="admin.adminTestCases"/>
  <testcase name="getViewCategory_antipyretic" time="2.001" classname="apiTest.GetAllProduct_testCases"/>
  <testcase name="getMostPurchasedProducts" time="0.027" classname="apiTest.Get_ViewCategory_testCase"/>
  <testcase name="getViewCategory_antipyretic" time="0.025" classname="apiTest.Get_MostViewedProducts_TestCases"/>
  <testcase name="getViewCategory_antipyretic" time="0.025" classname="apiTest.Get_MostPurchasedProducts_TestCases"/>
  <testcase name="@BeforeTest DataSetUP" time="0.0" classname="user.UserBaseClass">
    <ignored/>
  </testcase> <!-- @BeforeTest DataSetUP -->
  <testcase name="@AfterTest DataTearDown" time="0.0" classname="user.UserBaseClass">
    <ignored/>
  </testcase> <!-- @AfterTest DataTearDown -->
</testsuite> <!-- Test -->
